ThePlug/app/build/intermediates/manifest_merge_blame_file/debug/manifest-merger-blame-debug-report.txt
1<?xml version="1.0" encoding="utf-8"?>
2<manifest xmlns:android="http://schemas.android.com/apk/res/android"
3    package="com.example.theplug"
4    android:versionCode="1"
5    android:versionName="1.0" >
6
7    <uses-sdk
8        android:minSdkVersion="14"
8-->src\main\AndroidManifest.xml
9        android:targetSdkVersion="29" />
9-->src\main\AndroidManifest.xml
10
11    <application
11-->src\main\AndroidManifest.xml:5:5-85:19
12        android:allowBackup="true"
12-->src\main\AndroidManifest.xml:6:9-35
13        android:appComponentFactory="androidx.core.app.CoreComponentFactory"
13-->[androidx.core:core:1.0.1] AndroidManifest.xml:22:18-86
14        android:debuggable="true"
15        android:icon="@mipmap/ic_launcher"
15-->src\main\AndroidManifest.xml:7:9-43
16        android:label="@string/app_name"
16-->src\main\AndroidManifest.xml:8:9-41
17        android:roundIcon="@mipmap/ic_launcher_round"
17-->src\main\AndroidManifest.xml:9:9-54
18        android:supportsRtl="true"
18-->src\main\AndroidManifest.xml:10:9-35
19        android:testOnly="true"
20        android:theme="@style/Theme.AppCompat.Light.NoActionBar" > <!-- removes the default toolbar -->
20-->src\main\AndroidManifest.xml:11:9-65
21        <activity
21-->src\main\AndroidManifest.xml:12:9-19:20
22            android:name="com.example.theplug.HomeScreen"
22-->src\main\AndroidManifest.xml:12:19-45
23            android:parentActivityName="com.example.theplug.MainActivity" >
23-->src\main\AndroidManifest.xml:13:13-55
24
25            <!-- The meta-data tag is required if you support API level 15 and lower -->
26            <meta-data
26-->src\main\AndroidManifest.xml:16:13-18:49
27                android:name="android.support.PARENT_ACTIVITY"
27-->src\main\AndroidManifest.xml:17:17-63
28                android:value=".MainActivity" />
28-->src\main\AndroidManifest.xml:18:17-46
29        </activity>
30        <activity android:name="com.example.theplug.MainActivity" > <!-- removes the toolbar on the main page(Login page) -->
30-->src\main\AndroidManifest.xml:20:9-27:20
30-->src\main\AndroidManifest.xml:20:19-47
31            <intent-filter>
31-->src\main\AndroidManifest.xml:22:13-26:29
32                <action android:name="android.intent.action.MAIN" />
32-->src\main\AndroidManifest.xml:23:17-69
32-->src\main\AndroidManifest.xml:23:25-66
33
34                <category android:name="android.intent.category.LAUNCHER" />
34-->src\main\AndroidManifest.xml:25:17-77
34-->src\main\AndroidManifest.xml:25:27-74
35            </intent-filter>
36        </activity>
37        <activity
37-->src\main\AndroidManifest.xml:28:9-35:20
38            android:name="com.example.theplug.ProfileActivity"
38-->src\main\AndroidManifest.xml:28:19-50
39            android:parentActivityName="com.example.theplug.HomeScreen"
39-->src\main\AndroidManifest.xml:29:13-53
40            android:theme="@style/Theme.AppCompat.Light" >
40-->src\main\AndroidManifest.xml:30:13-57
41
42            <!-- The meta-data tag is required if you support API level 15 and lower -->
43            <meta-data
43-->src\main\AndroidManifest.xml:16:13-18:49
44                android:name="android.support.PARENT_ACTIVITY"
44-->src\main\AndroidManifest.xml:17:17-63
45                android:value=".HomeScreen" />
45-->src\main\AndroidManifest.xml:18:17-46
46        </activity>
47        <activity
47-->src\main\AndroidManifest.xml:36:9-42:20
48            android:name="com.example.theplug.SettingsActivity"
48-->src\main\AndroidManifest.xml:36:19-51
49            android:theme="@style/Theme.AppCompat.Light" >
49-->src\main\AndroidManifest.xml:37:13-57
50
51            <!-- The meta-data tag is required if you support API level 15 and lower -->
52            <meta-data
52-->src\main\AndroidManifest.xml:16:13-18:49
53                android:name="android.support.PARENT_ACTIVITY"
53-->src\main\AndroidManifest.xml:17:17-63
54                android:value=".HomeScreen" />
54-->src\main\AndroidManifest.xml:18:17-46
55        </activity>
56        <activity
56-->src\main\AndroidManifest.xml:43:9-49:20
57            android:name="com.example.theplug.MessagesActivity"
57-->src\main\AndroidManifest.xml:43:19-51
58            android:theme="@style/Theme.AppCompat.Light" >
58-->src\main\AndroidManifest.xml:44:13-57
59
60            <!-- The meta-data tag is required if you support API level 15 and lower -->
61            <meta-data
61-->src\main\AndroidManifest.xml:16:13-18:49
62                android:name="android.support.PARENT_ACTIVITY"
62-->src\main\AndroidManifest.xml:17:17-63
63                android:value=".HomeScreen" />
63-->src\main\AndroidManifest.xml:18:17-46
64        </activity>
65        <activity
65-->src\main\AndroidManifest.xml:50:9-56:20
66            android:name="com.example.theplug.TransactionsActivity"
66-->src\main\AndroidManifest.xml:50:19-55
67            android:theme="@style/Theme.AppCompat.Light" >
67-->src\main\AndroidManifest.xml:51:13-57
68
69            <!-- The meta-data tag is required if you support API level 15 and lower -->
70            <meta-data
70-->src\main\AndroidManifest.xml:16:13-18:49
71                android:name="android.support.PARENT_ACTIVITY"
71-->src\main\AndroidManifest.xml:17:17-63
72                android:value=".HomeScreen" />
72-->src\main\AndroidManifest.xml:18:17-46
73        </activity>
74        <activity
74-->src\main\AndroidManifest.xml:57:9-63:20
75            android:name="com.example.theplug.NewSaleActivity"
75-->src\main\AndroidManifest.xml:57:19-50
76            android:theme="@style/Theme.AppCompat.Light" >
76-->src\main\AndroidManifest.xml:58:13-57
77
78            <!-- The meta-data tag is required if you support API level 15 and lower -->
79            <meta-data
79-->src\main\AndroidManifest.xml:16:13-18:49
80                android:name="android.support.PARENT_ACTIVITY"
80-->src\main\AndroidManifest.xml:17:17-63
81                android:value=".HomeScreen" />
81-->src\main\AndroidManifest.xml:18:17-46
82        </activity>
83        <activity
83-->src\main\AndroidManifest.xml:64:9-70:20
84            android:name="com.example.theplug.ForgotPasswordActivity"
84-->src\main\AndroidManifest.xml:64:19-57
85            android:theme="@style/Theme.AppCompat.Light" >
85-->src\main\AndroidManifest.xml:65:13-57
86
87            <!-- The meta-data tag is required if you support API level 15 and lower -->
88            <meta-data
88-->src\main\AndroidManifest.xml:16:13-18:49
89                android:name="android.support.PARENT_ACTIVITY"
89-->src\main\AndroidManifest.xml:17:17-63
90                android:value=".HomeScreen" />
90-->src\main\AndroidManifest.xml:18:17-46
91        </activity>
92        <activity
92-->src\main\AndroidManifest.xml:71:9-77:20
93            android:name="com.example.theplug.ForgotUsernameActivity"
93-->src\main\AndroidManifest.xml:71:19-57
94            android:theme="@style/Theme.AppCompat.Light" >
94-->src\main\AndroidManifest.xml:72:13-57
95
96            <!-- The meta-data tag is required if you support API level 15 and lower -->
97            <meta-data
97-->src\main\AndroidManifest.xml:16:13-18:49
98                android:name="android.support.PARENT_ACTIVITY"
98-->src\main\AndroidManifest.xml:17:17-63
99                android:value=".HomeScreen" />
99-->src\main\AndroidManifest.xml:18:17-46
100        </activity>
101        <activity
101-->src\main\AndroidManifest.xml:78:9-84:20
102            android:name="com.example.theplug.SignUpActivity"
102-->src\main\AndroidManifest.xml:78:19-49
103            android:theme="@style/Theme.AppCompat.Light" >
103-->src\main\AndroidManifest.xml:79:13-57
104
105            <!-- The meta-data tag is required if you support API level 15 and lower -->
106            <meta-data
106-->src\main\AndroidManifest.xml:16:13-18:49
107                android:name="android.support.PARENT_ACTIVITY"
107-->src\main\AndroidManifest.xml:17:17-63
108                android:value=".HomeScreen" />
108-->src\main\AndroidManifest.xml:18:17-46
109        </activity>
110    </application>
111
112</manifest>